2020-05-30 10:11:57.094  INFO 47872 --- [main] c.m.team38.MomUserModelMsApplication     : Starting MomUserModelMsApplication on bakul-Inspiron-5547 with PID 47872 (/home/bakul/Music/team38mom/marsmissionbackend/MOMUserModelMS/target/classes started by bakul in /home/bakul/Music/team38mom/marsmissionbackend/MOMUserModelMS)
2020-05-30 10:11:57.100  INFO 47872 --- [main] c.m.team38.MomUserModelMsApplication     : No active profile set, falling back to default profiles: default
2020-05-30 10:11:59.289  INFO 47872 --- [main] o.s.b.w.embedded.tomcat.TomcatWebServer  : Tomcat initialized with port(s): 8081 (http)
2020-05-30 10:11:59.300  INFO 47872 --- [main] o.apache.catalina.core.StandardService   : Starting service [Tomcat]
2020-05-30 10:11:59.300  INFO 47872 --- [main] org.apache.catalina.core.StandardEngine  : Starting Servlet engine: [Apache Tomcat/9.0.33]
2020-05-30 10:11:59.382  INFO 47872 --- [main] o.a.c.c.C.[Tomcat].[localhost].[/]       : Initializing Spring embedded WebApplicationContext
2020-05-30 10:11:59.382  INFO 47872 --- [main] o.s.web.context.ContextLoader            : Root WebApplicationContext: initialization completed in 2171 ms
2020-05-30 10:11:59.931  INFO 47872 --- [main] pertySourcedRequestMappingHandlerMapping : Mapped URL path [/v2/api-docs] onto method [springfox.documentation.swagger2.web.Swagger2Controller#getDocumentation(String, HttpServletRequest)]
2020-05-30 10:12:00.038  INFO 47872 --- [main] o.s.s.concurrent.ThreadPoolTaskExecutor  : Initializing ExecutorService 'applicationTaskExecutor'
2020-05-30 10:12:00.213  INFO 47872 --- [main] d.s.w.p.DocumentationPluginsBootstrapper : Context refreshed
2020-05-30 10:12:00.236  INFO 47872 --- [main] d.s.w.p.DocumentationPluginsBootstrapper : Found 1 custom documentation plugin(s)
2020-05-30 10:12:00.273  INFO 47872 --- [main] s.d.s.w.s.ApiListingReferenceScanner     : Scanning for api listing references
2020-05-30 10:12:00.479  INFO 47872 --- [main] o.s.b.w.embedded.tomcat.TomcatWebServer  : Tomcat started on port(s): 8081 (http) with context path ''
2020-05-30 10:12:00.482  INFO 47872 --- [main] c.m.team38.MomUserModelMsApplication     : Started MomUserModelMsApplication in 3.945 seconds (JVM running for 4.56)
2020-05-30 10:12:11.817  INFO 47872 --- [http-nio-8081-exec-1] o.a.c.c.C.[Tomcat].[localhost].[/]       : Initializing Spring DispatcherServlet 'dispatcherServlet'
2020-05-30 10:12:11.817  INFO 47872 --- [http-nio-8081-exec-1] o.s.web.servlet.DispatcherServlet        : Initializing Servlet 'dispatcherServlet'
2020-05-30 10:12:11.825  INFO 47872 --- [http-nio-8081-exec-1] o.s.web.servlet.DispatcherServlet        : Completed initialization in 7 ms
2020-05-30 10:12:11.865  INFO 47872 --- [http-nio-8081-exec-1] c.m.t.userController.UserController      : in get getUserDetails15 password admin1
2020-05-30 10:12:11.865  INFO 47872 --- [http-nio-8081-exec-1] c.m.team38.userService.UserServcie       : in getUserDetailsService
2020-05-30 10:12:11.877  INFO 47872 --- [http-nio-8081-exec-1] com.marsmission.team38.userDAO.UserDAO   : in getUserdetailsDAOSELECT * FROM user_info where (user_id = '15' or user_email= '15') and user_password= 'YWRtaW4x'
2020-05-30 10:12:11.881  INFO 47872 --- [http-nio-8081-exec-1] com.zaxxer.hikari.HikariDataSource       : HikariPool-1 - Starting...
2020-05-30 10:12:13.134  INFO 47872 --- [http-nio-8081-exec-1] com.zaxxer.hikari.HikariDataSource       : HikariPool-1 - Start completed.
2020-05-30 10:13:15.981  INFO 47872 --- [SpringContextShutdownHook] o.s.s.concurrent.ThreadPoolTaskExecutor  : Shutting down ExecutorService 'applicationTaskExecutor'
2020-05-30 10:13:15.986  INFO 47872 --- [SpringContextShutdownHook] com.zaxxer.hikari.HikariDataSource       : HikariPool-1 - Shutdown initiated...
2020-05-30 10:13:16.038  INFO 47872 --- [SpringContextShutdownHook] com.zaxxer.hikari.HikariDataSource       : HikariPool-1 - Shutdown completed.
